<?xml version="1.0" encoding="UTF-8"?>
<!-- Generated by org.testng.reporters.JUnitReportReporter -->
<testsuite hostname="Abhishek" failures="0" tests="3" name="Runner_file.fb_Run" time="29.924" errors="0" timestamp="2024-05-16T09:40:44 IST" skipped="0">
  <testcase classname="Runner_file.fb_Run" name="runScenario" time="10.078"/>
  <system-out/>
  <testcase classname="Runner_file.fb_Run" name="runScenario" time="10.058"/>
  <system-out/>
  <testcase classname="Runner_file.fb_Run" name="runScenario" time="9.788"/>
  <system-out/>
</testsuite> <!-- Runner_file.fb_Run -->
